mode: atomic
github.com/rackdog/terraform-provider-rackdog/main.go:13.13,19.12 4 0
github.com/rackdog/terraform-provider-rackdog/main.go:19.12,21.3 1 0
github.com/rackdog/terraform-provider-rackdog/main.go:23.2,25.4 1 0
github.com/rackdog/terraform-provider-rackdog/internal/provider/client.go:22.36,24.2 1 0
github.com/rackdog/terraform-provider-rackdog/internal/provider/client.go:32.45,38.2 1 16
github.com/rackdog/terraform-provider-rackdog/internal/provider/client.go:40.88,44.17 3 12
github.com/rackdog/terraform-provider-rackdog/internal/provider/client.go:44.17,46.17 2 1
github.com/rackdog/terraform-provider-rackdog/internal/provider/client.go:46.17,48.4 1 0
github.com/rackdog/terraform-provider-rackdog/internal/provider/client.go:49.3,49.27 1 1
github.com/rackdog/terraform-provider-rackdog/internal/provider/client.go:52.2,53.16 2 12
github.com/rackdog/terraform-provider-rackdog/internal/provider/client.go:53.16,55.3 1 0
github.com/rackdog/terraform-provider-rackdog/internal/provider/client.go:58.2,62.16 4 12
github.com/rackdog/terraform-provider-rackdog/internal/provider/client.go:62.16,64.3 1 0
github.com/rackdog/terraform-provider-rackdog/internal/provider/client.go:65.2,67.53 2 12
github.com/rackdog/terraform-provider-rackdog/internal/provider/client.go:67.53,68.17 1 11
github.com/rackdog/terraform-provider-rackdog/internal/provider/client.go:68.17,70.4 1 10
github.com/rackdog/terraform-provider-rackdog/internal/provider/client.go:71.3,71.13 1 1
github.com/rackdog/terraform-provider-rackdog/internal/provider/client.go:74.2,80.3 2 1
github.com/rackdog/terraform-provider-rackdog/internal/provider/client.go:192.107,194.91 2 1
github.com/rackdog/terraform-provider-rackdog/internal/provider/client.go:194.91,196.3 1 0
github.com/rackdog/terraform-provider-rackdog/internal/provider/client.go:197.2,197.18 1 1
github.com/rackdog/terraform-provider-rackdog/internal/provider/client.go:197.18,199.3 1 0
github.com/rackdog/terraform-provider-rackdog/internal/provider/client.go:200.2,201.18 2 1
github.com/rackdog/terraform-provider-rackdog/internal/provider/client.go:204.77,206.96 2 2
github.com/rackdog/terraform-provider-rackdog/internal/provider/client.go:206.96,208.3 1 1
github.com/rackdog/terraform-provider-rackdog/internal/provider/client.go:209.2,209.18 1 1
github.com/rackdog/terraform-provider-rackdog/internal/provider/client.go:209.18,211.3 1 0
github.com/rackdog/terraform-provider-rackdog/internal/provider/client.go:212.2,213.18 2 1
github.com/rackdog/terraform-provider-rackdog/internal/provider/client.go:216.69,218.2 1 1
github.com/rackdog/terraform-provider-rackdog/internal/provider/client.go:220.82,223.20 3 3
github.com/rackdog/terraform-provider-rackdog/internal/provider/client.go:223.20,225.3 1 1
github.com/rackdog/terraform-provider-rackdog/internal/provider/client.go:226.2,226.67 1 3
github.com/rackdog/terraform-provider-rackdog/internal/provider/client.go:226.67,228.3 1 0
github.com/rackdog/terraform-provider-rackdog/internal/provider/client.go:229.2,229.18 1 3
github.com/rackdog/terraform-provider-rackdog/internal/provider/client.go:229.18,231.3 1 0
github.com/rackdog/terraform-provider-rackdog/internal/provider/client.go:232.2,232.22 1 3
github.com/rackdog/terraform-provider-rackdog/internal/provider/client.go:235.85,238.67 3 2
github.com/rackdog/terraform-provider-rackdog/internal/provider/client.go:238.67,240.3 1 0
github.com/rackdog/terraform-provider-rackdog/internal/provider/client.go:241.2,241.18 1 2
github.com/rackdog/terraform-provider-rackdog/internal/provider/client.go:241.18,243.3 1 1
github.com/rackdog/terraform-provider-rackdog/internal/provider/client.go:244.2,244.18 1 1
github.com/rackdog/terraform-provider-rackdog/internal/provider/client.go:247.80,249.80 2 3
github.com/rackdog/terraform-provider-rackdog/internal/provider/client.go:249.80,251.3 1 0
github.com/rackdog/terraform-provider-rackdog/internal/provider/client.go:252.2,252.18 1 3
github.com/rackdog/terraform-provider-rackdog/internal/provider/client.go:252.18,254.3 1 0
github.com/rackdog/terraform-provider-rackdog/internal/provider/client.go:255.2,255.22 1 3
github.com/rackdog/terraform-provider-rackdog/internal/provider/data_source_operating_systems.go:13.60,13.86 1 3
github.com/rackdog/terraform-provider-rackdog/internal/provider/data_source_operating_systems.go:24.119,26.2 1 1
github.com/rackdog/terraform-provider-rackdog/internal/provider/data_source_operating_systems.go:28.111,43.2 1 1
github.com/rackdog/terraform-provider-rackdog/internal/provider/data_source_operating_systems.go:45.119,46.29 1 1
github.com/rackdog/terraform-provider-rackdog/internal/provider/data_source_operating_systems.go:46.29,48.3 1 0
github.com/rackdog/terraform-provider-rackdog/internal/provider/data_source_operating_systems.go:49.2,50.22 2 1
github.com/rackdog/terraform-provider-rackdog/internal/provider/data_source_operating_systems.go:53.107,54.21 1 0
github.com/rackdog/terraform-provider-rackdog/internal/provider/data_source_operating_systems.go:54.21,57.3 2 0
github.com/rackdog/terraform-provider-rackdog/internal/provider/data_source_operating_systems.go:59.2,60.16 2 0
github.com/rackdog/terraform-provider-rackdog/internal/provider/data_source_operating_systems.go:60.16,63.3 2 0
github.com/rackdog/terraform-provider-rackdog/internal/provider/data_source_operating_systems.go:65.2,66.27 2 0
github.com/rackdog/terraform-provider-rackdog/internal/provider/data_source_operating_systems.go:66.27,71.3 1 0
github.com/rackdog/terraform-provider-rackdog/internal/provider/data_source_operating_systems.go:73.2,73.57 1 0
github.com/rackdog/terraform-provider-rackdog/internal/provider/data_source_plans.go:13.49,13.78 1 3
github.com/rackdog/terraform-provider-rackdog/internal/provider/data_source_plans.go:29.122,31.2 1 1
github.com/rackdog/terraform-provider-rackdog/internal/provider/data_source_plans.go:33.114,53.2 1 1
github.com/rackdog/terraform-provider-rackdog/internal/provider/data_source_plans.go:55.122,56.29 1 0
github.com/rackdog/terraform-provider-rackdog/internal/provider/data_source_plans.go:56.29,58.3 1 0
github.com/rackdog/terraform-provider-rackdog/internal/provider/data_source_plans.go:59.2,60.22 2 0
github.com/rackdog/terraform-provider-rackdog/internal/provider/data_source_plans.go:63.112,64.21 1 0
github.com/rackdog/terraform-provider-rackdog/internal/provider/data_source_plans.go:64.21,67.3 2 0
github.com/rackdog/terraform-provider-rackdog/internal/provider/data_source_plans.go:69.2,71.33 3 0
github.com/rackdog/terraform-provider-rackdog/internal/provider/data_source_plans.go:71.33,73.3 1 0
github.com/rackdog/terraform-provider-rackdog/internal/provider/data_source_plans.go:75.2,76.63 2 0
github.com/rackdog/terraform-provider-rackdog/internal/provider/data_source_plans.go:76.63,78.3 1 0
github.com/rackdog/terraform-provider-rackdog/internal/provider/data_source_plans.go:80.2,81.16 2 0
github.com/rackdog/terraform-provider-rackdog/internal/provider/data_source_plans.go:81.16,84.3 2 0
github.com/rackdog/terraform-provider-rackdog/internal/provider/data_source_plans.go:86.2,87.26 2 0
github.com/rackdog/terraform-provider-rackdog/internal/provider/data_source_plans.go:87.26,96.3 1 0
github.com/rackdog/terraform-provider-rackdog/internal/provider/data_source_plans.go:98.2,98.57 1 0
github.com/rackdog/terraform-provider-rackdog/internal/provider/provider.go:20.51,21.34 1 5
github.com/rackdog/terraform-provider-rackdog/internal/provider/provider.go:21.34,23.3 1 5
github.com/rackdog/terraform-provider-rackdog/internal/provider/provider.go:41.116,44.2 2 1
github.com/rackdog/terraform-provider-rackdog/internal/provider/provider.go:46.110,65.2 1 2
github.com/rackdog/terraform-provider-rackdog/internal/provider/provider.go:67.123,70.33 3 0
github.com/rackdog/terraform-provider-rackdog/internal/provider/provider.go:70.33,72.3 1 0
github.com/rackdog/terraform-provider-rackdog/internal/provider/provider.go:74.2,76.15 3 0
github.com/rackdog/terraform-provider-rackdog/internal/provider/provider.go:76.15,79.3 2 0
github.com/rackdog/terraform-provider-rackdog/internal/provider/provider.go:81.2,82.81 2 0
github.com/rackdog/terraform-provider-rackdog/internal/provider/provider.go:82.81,84.3 1 0
github.com/rackdog/terraform-provider-rackdog/internal/provider/provider.go:84.8,84.67 1 0
github.com/rackdog/terraform-provider-rackdog/internal/provider/provider.go:84.67,86.3 1 0
github.com/rackdog/terraform-provider-rackdog/internal/provider/provider.go:88.2,100.4 5 0
github.com/rackdog/terraform-provider-rackdog/internal/provider/provider.go:103.83,107.2 1 1
github.com/rackdog/terraform-provider-rackdog/internal/provider/provider.go:109.89,114.2 1 1
github.com/rackdog/terraform-provider-rackdog/internal/provider/provider.go:116.56,117.35 1 0
github.com/rackdog/terraform-provider-rackdog/internal/provider/provider.go:117.35,119.3 1 0
github.com/rackdog/terraform-provider-rackdog/internal/provider/provider.go:120.2,120.38 1 0
github.com/rackdog/terraform-provider-rackdog/internal/provider/provider.go:120.38,122.3 1 0
github.com/rackdog/terraform-provider-rackdog/internal/provider/provider.go:123.2,123.12 1 0
github.com/rackdog/terraform-provider-rackdog/internal/provider/resource_server.go:22.44,22.72 1 1
github.com/rackdog/terraform-provider-rackdog/internal/provider/resource_server.go:35.117,37.2 1 0
github.com/rackdog/terraform-provider-rackdog/internal/provider/resource_server.go:39.109,83.2 1 0
github.com/rackdog/terraform-provider-rackdog/internal/provider/resource_server.go:85.117,86.29 1 0
github.com/rackdog/terraform-provider-rackdog/internal/provider/resource_server.go:86.29,88.3 1 0
github.com/rackdog/terraform-provider-rackdog/internal/provider/resource_server.go:89.2,91.16 3 0
github.com/rackdog/terraform-provider-rackdog/internal/provider/resource_server.go:94.113,95.21 1 0
github.com/rackdog/terraform-provider-rackdog/internal/provider/resource_server.go:95.21,98.3 2 0
github.com/rackdog/terraform-provider-rackdog/internal/provider/resource_server.go:100.2,102.33 3 0
github.com/rackdog/terraform-provider-rackdog/internal/provider/resource_server.go:102.33,104.3 1 0
github.com/rackdog/terraform-provider-rackdog/internal/provider/resource_server.go:106.2,106.51 1 0
github.com/rackdog/terraform-provider-rackdog/internal/provider/resource_server.go:106.51,108.17 2 0
github.com/rackdog/terraform-provider-rackdog/internal/provider/resource_server.go:108.17,111.4 2 0
github.com/rackdog/terraform-provider-rackdog/internal/provider/resource_server.go:112.3,112.10 1 0
github.com/rackdog/terraform-provider-rackdog/internal/provider/resource_server.go:112.10,116.4 2 0
github.com/rackdog/terraform-provider-rackdog/internal/provider/resource_server.go:119.2,124.51 2 0
github.com/rackdog/terraform-provider-rackdog/internal/provider/resource_server.go:124.51,127.3 2 0
github.com/rackdog/terraform-provider-rackdog/internal/provider/resource_server.go:128.2,128.59 1 0
github.com/rackdog/terraform-provider-rackdog/internal/provider/resource_server.go:128.59,131.3 2 0
github.com/rackdog/terraform-provider-rackdog/internal/provider/resource_server.go:133.2,134.16 2 0
github.com/rackdog/terraform-provider-rackdog/internal/provider/resource_server.go:134.16,137.3 2 0
github.com/rackdog/terraform-provider-rackdog/internal/provider/resource_server.go:139.2,140.29 2 0
github.com/rackdog/terraform-provider-rackdog/internal/provider/resource_server.go:140.29,142.3 1 0
github.com/rackdog/terraform-provider-rackdog/internal/provider/resource_server.go:143.2,147.33 4 0
github.com/rackdog/terraform-provider-rackdog/internal/provider/resource_server.go:147.33,149.3 1 0
github.com/rackdog/terraform-provider-rackdog/internal/provider/resource_server.go:152.2,152.8 1 0
github.com/rackdog/terraform-provider-rackdog/internal/provider/resource_server.go:155.107,156.21 1 0
github.com/rackdog/terraform-provider-rackdog/internal/provider/resource_server.go:156.21,159.3 2 0
github.com/rackdog/terraform-provider-rackdog/internal/provider/resource_server.go:161.2,163.33 3 0
github.com/rackdog/terraform-provider-rackdog/internal/provider/resource_server.go:163.33,165.3 1 0
github.com/rackdog/terraform-provider-rackdog/internal/provider/resource_server.go:167.2,168.16 2 0
github.com/rackdog/terraform-provider-rackdog/internal/provider/resource_server.go:168.16,170.62 2 0
github.com/rackdog/terraform-provider-rackdog/internal/provider/resource_server.go:170.62,171.32 1 0
github.com/rackdog/terraform-provider-rackdog/internal/provider/resource_server.go:171.32,178.5 2 0
github.com/rackdog/terraform-provider-rackdog/internal/provider/resource_server.go:179.4,180.10 2 0
github.com/rackdog/terraform-provider-rackdog/internal/provider/resource_server.go:182.3,183.9 2 0
github.com/rackdog/terraform-provider-rackdog/internal/provider/resource_server.go:185.2,185.14 1 0
github.com/rackdog/terraform-provider-rackdog/internal/provider/resource_server.go:185.14,188.3 2 0
github.com/rackdog/terraform-provider-rackdog/internal/provider/resource_server.go:190.2,190.98 1 0
github.com/rackdog/terraform-provider-rackdog/internal/provider/resource_server.go:190.98,198.3 2 0
github.com/rackdog/terraform-provider-rackdog/internal/provider/resource_server.go:200.2,200.54 1 0
github.com/rackdog/terraform-provider-rackdog/internal/provider/resource_server.go:200.54,201.52 1 0
github.com/rackdog/terraform-provider-rackdog/internal/provider/resource_server.go:201.52,207.4 2 0
github.com/rackdog/terraform-provider-rackdog/internal/provider/resource_server.go:210.2,210.62 1 0
github.com/rackdog/terraform-provider-rackdog/internal/provider/resource_server.go:210.62,211.60 1 0
github.com/rackdog/terraform-provider-rackdog/internal/provider/resource_server.go:211.60,217.4 2 0
github.com/rackdog/terraform-provider-rackdog/internal/provider/resource_server.go:220.2,220.55 1 0
github.com/rackdog/terraform-provider-rackdog/internal/provider/resource_server.go:220.55,221.54 1 0
github.com/rackdog/terraform-provider-rackdog/internal/provider/resource_server.go:221.54,227.4 2 0
github.com/rackdog/terraform-provider-rackdog/internal/provider/resource_server.go:230.2,230.70 1 0
github.com/rackdog/terraform-provider-rackdog/internal/provider/resource_server.go:230.70,231.46 1 0
github.com/rackdog/terraform-provider-rackdog/internal/provider/resource_server.go:231.46,237.4 2 0
github.com/rackdog/terraform-provider-rackdog/internal/provider/resource_server.go:240.2,241.23 2 0
github.com/rackdog/terraform-provider-rackdog/internal/provider/resource_server.go:241.23,243.3 1 0
github.com/rackdog/terraform-provider-rackdog/internal/provider/resource_server.go:244.2,244.26 1 0
github.com/rackdog/terraform-provider-rackdog/internal/provider/resource_server.go:244.26,246.3 1 0
github.com/rackdog/terraform-provider-rackdog/internal/provider/resource_server.go:248.2,248.57 1 0
github.com/rackdog/terraform-provider-rackdog/internal/provider/resource_server.go:251.113,253.2 1 0
github.com/rackdog/terraform-provider-rackdog/internal/provider/resource_server.go:255.113,256.21 1 0
github.com/rackdog/terraform-provider-rackdog/internal/provider/resource_server.go:256.21,259.3 2 0
github.com/rackdog/terraform-provider-rackdog/internal/provider/resource_server.go:261.2,263.33 3 0
github.com/rackdog/terraform-provider-rackdog/internal/provider/resource_server.go:263.33,265.3 1 0
github.com/rackdog/terraform-provider-rackdog/internal/provider/resource_server.go:267.2,267.75 1 0
github.com/rackdog/terraform-provider-rackdog/internal/provider/resource_server.go:267.75,269.3 1 0
