mode: atomic
github.com/rackdog/terraform-provider-rackdog/main.go:13.13,19.12 4 0
github.com/rackdog/terraform-provider-rackdog/main.go:19.12,21.3 1 0
github.com/rackdog/terraform-provider-rackdog/main.go:23.2,25.4 1 0
github.com/rackdog/terraform-provider-rackdog/internal/provider/client.go:22.36,24.2 1 0
github.com/rackdog/terraform-provider-rackdog/internal/provider/client.go:32.45,38.2 1 16
github.com/rackdog/terraform-provider-rackdog/internal/provider/client.go:40.88,44.17 3 12
github.com/rackdog/terraform-provider-rackdog/internal/provider/client.go:44.17,46.17 2 1
github.com/rackdog/terraform-provider-rackdog/internal/provider/client.go:46.17,48.4 1 0
github.com/rackdog/terraform-provider-rackdog/internal/provider/client.go:49.3,49.27 1 1
github.com/rackdog/terraform-provider-rackdog/internal/provider/client.go:52.2,53.16 2 12
github.com/rackdog/terraform-provider-rackdog/internal/provider/client.go:53.16,55.3 1 0
github.com/rackdog/terraform-provider-rackdog/internal/provider/client.go:58.2,62.16 4 12
github.com/rackdog/terraform-provider-rackdog/internal/provider/client.go:62.16,64.3 1 0
github.com/rackdog/terraform-provider-rackdog/internal/provider/client.go:65.2,67.53 2 12
github.com/rackdog/terraform-provider-rackdog/internal/provider/client.go:67.53,68.17 1 11
github.com/rackdog/terraform-provider-rackdog/internal/provider/client.go:68.17,70.4 1 10
github.com/rackdog/terraform-provider-rackdog/internal/provider/client.go:71.3,71.13 1 1
github.com/rackdog/terraform-provider-rackdog/internal/provider/client.go:74.2,80.3 2 1
github.com/rackdog/terraform-provider-rackdog/internal/provider/client.go:199.107,201.91 2 1
github.com/rackdog/terraform-provider-rackdog/internal/provider/client.go:201.91,203.3 1 0
github.com/rackdog/terraform-provider-rackdog/internal/provider/client.go:204.2,204.18 1 1
github.com/rackdog/terraform-provider-rackdog/internal/provider/client.go:204.18,206.3 1 0
github.com/rackdog/terraform-provider-rackdog/internal/provider/client.go:208.2,209.18 2 1
github.com/rackdog/terraform-provider-rackdog/internal/provider/client.go:212.77,214.96 2 2
github.com/rackdog/terraform-provider-rackdog/internal/provider/client.go:214.96,216.3 1 1
github.com/rackdog/terraform-provider-rackdog/internal/provider/client.go:217.2,217.18 1 1
github.com/rackdog/terraform-provider-rackdog/internal/provider/client.go:217.18,219.3 1 0
github.com/rackdog/terraform-provider-rackdog/internal/provider/client.go:220.2,221.18 2 1
github.com/rackdog/terraform-provider-rackdog/internal/provider/client.go:224.69,226.2 1 1
github.com/rackdog/terraform-provider-rackdog/internal/provider/client.go:228.82,231.20 3 3
github.com/rackdog/terraform-provider-rackdog/internal/provider/client.go:231.20,233.3 1 1
github.com/rackdog/terraform-provider-rackdog/internal/provider/client.go:234.2,234.67 1 3
github.com/rackdog/terraform-provider-rackdog/internal/provider/client.go:234.67,236.3 1 0
github.com/rackdog/terraform-provider-rackdog/internal/provider/client.go:237.2,237.18 1 3
github.com/rackdog/terraform-provider-rackdog/internal/provider/client.go:237.18,239.3 1 0
github.com/rackdog/terraform-provider-rackdog/internal/provider/client.go:240.2,240.22 1 3
github.com/rackdog/terraform-provider-rackdog/internal/provider/client.go:243.85,246.67 3 2
github.com/rackdog/terraform-provider-rackdog/internal/provider/client.go:246.67,248.3 1 0
github.com/rackdog/terraform-provider-rackdog/internal/provider/client.go:249.2,249.18 1 2
github.com/rackdog/terraform-provider-rackdog/internal/provider/client.go:249.18,251.3 1 1
github.com/rackdog/terraform-provider-rackdog/internal/provider/client.go:252.2,252.18 1 1
github.com/rackdog/terraform-provider-rackdog/internal/provider/client.go:255.80,257.80 2 3
github.com/rackdog/terraform-provider-rackdog/internal/provider/client.go:257.80,259.3 1 0
github.com/rackdog/terraform-provider-rackdog/internal/provider/client.go:260.2,260.18 1 3
github.com/rackdog/terraform-provider-rackdog/internal/provider/client.go:260.18,262.3 1 0
github.com/rackdog/terraform-provider-rackdog/internal/provider/client.go:263.2,263.22 1 3
github.com/rackdog/terraform-provider-rackdog/internal/provider/data_source_operating_systems.go:13.60,13.86 1 3
github.com/rackdog/terraform-provider-rackdog/internal/provider/data_source_operating_systems.go:24.119,26.2 1 1
github.com/rackdog/terraform-provider-rackdog/internal/provider/data_source_operating_systems.go:28.111,43.2 1 1
github.com/rackdog/terraform-provider-rackdog/internal/provider/data_source_operating_systems.go:45.119,46.29 1 1
github.com/rackdog/terraform-provider-rackdog/internal/provider/data_source_operating_systems.go:46.29,48.3 1 0
github.com/rackdog/terraform-provider-rackdog/internal/provider/data_source_operating_systems.go:49.2,50.22 2 1
github.com/rackdog/terraform-provider-rackdog/internal/provider/data_source_operating_systems.go:53.107,54.21 1 0
github.com/rackdog/terraform-provider-rackdog/internal/provider/data_source_operating_systems.go:54.21,57.3 2 0
github.com/rackdog/terraform-provider-rackdog/internal/provider/data_source_operating_systems.go:59.2,60.16 2 0
github.com/rackdog/terraform-provider-rackdog/internal/provider/data_source_operating_systems.go:60.16,63.3 2 0
github.com/rackdog/terraform-provider-rackdog/internal/provider/data_source_operating_systems.go:65.2,66.27 2 0
github.com/rackdog/terraform-provider-rackdog/internal/provider/data_source_operating_systems.go:66.27,71.3 1 0
github.com/rackdog/terraform-provider-rackdog/internal/provider/data_source_operating_systems.go:73.2,73.57 1 0
github.com/rackdog/terraform-provider-rackdog/internal/provider/data_source_plans.go:13.49,13.78 1 3
github.com/rackdog/terraform-provider-rackdog/internal/provider/data_source_plans.go:30.122,32.2 1 1
github.com/rackdog/terraform-provider-rackdog/internal/provider/data_source_plans.go:34.114,55.2 1 1
github.com/rackdog/terraform-provider-rackdog/internal/provider/data_source_plans.go:57.122,58.29 1 0
github.com/rackdog/terraform-provider-rackdog/internal/provider/data_source_plans.go:58.29,60.3 1 0
github.com/rackdog/terraform-provider-rackdog/internal/provider/data_source_plans.go:61.2,62.22 2 0
github.com/rackdog/terraform-provider-rackdog/internal/provider/data_source_plans.go:65.112,66.21 1 0
github.com/rackdog/terraform-provider-rackdog/internal/provider/data_source_plans.go:66.21,69.3 2 0
github.com/rackdog/terraform-provider-rackdog/internal/provider/data_source_plans.go:71.2,73.33 3 0
github.com/rackdog/terraform-provider-rackdog/internal/provider/data_source_plans.go:73.33,75.3 1 0
github.com/rackdog/terraform-provider-rackdog/internal/provider/data_source_plans.go:77.2,78.63 2 0
github.com/rackdog/terraform-provider-rackdog/internal/provider/data_source_plans.go:78.63,80.3 1 0
github.com/rackdog/terraform-provider-rackdog/internal/provider/data_source_plans.go:82.2,83.16 2 0
github.com/rackdog/terraform-provider-rackdog/internal/provider/data_source_plans.go:83.16,86.3 2 0
github.com/rackdog/terraform-provider-rackdog/internal/provider/data_source_plans.go:88.2,89.26 2 0
github.com/rackdog/terraform-provider-rackdog/internal/provider/data_source_plans.go:89.26,99.3 1 0
github.com/rackdog/terraform-provider-rackdog/internal/provider/data_source_plans.go:101.2,101.57 1 0
github.com/rackdog/terraform-provider-rackdog/internal/provider/provider.go:20.51,21.34 1 5
github.com/rackdog/terraform-provider-rackdog/internal/provider/provider.go:21.34,23.3 1 5
github.com/rackdog/terraform-provider-rackdog/internal/provider/provider.go:41.116,44.2 2 1
github.com/rackdog/terraform-provider-rackdog/internal/provider/provider.go:46.110,65.2 1 2
github.com/rackdog/terraform-provider-rackdog/internal/provider/provider.go:67.123,70.33 3 0
github.com/rackdog/terraform-provider-rackdog/internal/provider/provider.go:70.33,72.3 1 0
github.com/rackdog/terraform-provider-rackdog/internal/provider/provider.go:74.2,76.15 3 0
github.com/rackdog/terraform-provider-rackdog/internal/provider/provider.go:76.15,79.3 2 0
github.com/rackdog/terraform-provider-rackdog/internal/provider/provider.go:81.2,82.81 2 0
github.com/rackdog/terraform-provider-rackdog/internal/provider/provider.go:82.81,84.3 1 0
github.com/rackdog/terraform-provider-rackdog/internal/provider/provider.go:84.8,84.67 1 0
github.com/rackdog/terraform-provider-rackdog/internal/provider/provider.go:84.67,86.3 1 0
github.com/rackdog/terraform-provider-rackdog/internal/provider/provider.go:88.2,101.4 5 0
github.com/rackdog/terraform-provider-rackdog/internal/provider/provider.go:104.83,108.2 1 1
github.com/rackdog/terraform-provider-rackdog/internal/provider/provider.go:110.89,115.2 1 1
github.com/rackdog/terraform-provider-rackdog/internal/provider/provider.go:117.56,118.35 1 0
github.com/rackdog/terraform-provider-rackdog/internal/provider/provider.go:118.35,120.3 1 0
github.com/rackdog/terraform-provider-rackdog/internal/provider/provider.go:121.2,121.38 1 0
github.com/rackdog/terraform-provider-rackdog/internal/provider/provider.go:121.38,123.3 1 0
github.com/rackdog/terraform-provider-rackdog/internal/provider/provider.go:124.2,124.12 1 0
github.com/rackdog/terraform-provider-rackdog/internal/provider/resource_server.go:22.44,22.72 1 1
github.com/rackdog/terraform-provider-rackdog/internal/provider/resource_server.go:36.117,38.2 1 0
github.com/rackdog/terraform-provider-rackdog/internal/provider/resource_server.go:40.109,84.2 1 0
github.com/rackdog/terraform-provider-rackdog/internal/provider/resource_server.go:86.117,87.29 1 0
github.com/rackdog/terraform-provider-rackdog/internal/provider/resource_server.go:87.29,89.3 1 0
github.com/rackdog/terraform-provider-rackdog/internal/provider/resource_server.go:90.2,92.16 3 0
github.com/rackdog/terraform-provider-rackdog/internal/provider/resource_server.go:95.113,96.21 1 0
github.com/rackdog/terraform-provider-rackdog/internal/provider/resource_server.go:96.21,99.3 2 0
github.com/rackdog/terraform-provider-rackdog/internal/provider/resource_server.go:101.2,103.33 3 0
github.com/rackdog/terraform-provider-rackdog/internal/provider/resource_server.go:103.33,105.3 1 0
github.com/rackdog/terraform-provider-rackdog/internal/provider/resource_server.go:107.2,107.51 1 0
github.com/rackdog/terraform-provider-rackdog/internal/provider/resource_server.go:107.51,109.17 2 0
github.com/rackdog/terraform-provider-rackdog/internal/provider/resource_server.go:109.17,112.4 2 0
github.com/rackdog/terraform-provider-rackdog/internal/provider/resource_server.go:113.3,113.10 1 0
github.com/rackdog/terraform-provider-rackdog/internal/provider/resource_server.go:113.10,117.4 2 0
github.com/rackdog/terraform-provider-rackdog/internal/provider/resource_server.go:120.2,125.51 2 0
github.com/rackdog/terraform-provider-rackdog/internal/provider/resource_server.go:125.51,128.3 2 0
github.com/rackdog/terraform-provider-rackdog/internal/provider/resource_server.go:129.2,129.59 1 0
github.com/rackdog/terraform-provider-rackdog/internal/provider/resource_server.go:129.59,132.3 2 0
github.com/rackdog/terraform-provider-rackdog/internal/provider/resource_server.go:134.2,135.16 2 0
github.com/rackdog/terraform-provider-rackdog/internal/provider/resource_server.go:135.16,138.3 2 0
github.com/rackdog/terraform-provider-rackdog/internal/provider/resource_server.go:141.2,142.29 2 0
github.com/rackdog/terraform-provider-rackdog/internal/provider/resource_server.go:142.29,144.3 1 0
github.com/rackdog/terraform-provider-rackdog/internal/provider/resource_server.go:145.2,149.33 4 0
github.com/rackdog/terraform-provider-rackdog/internal/provider/resource_server.go:149.33,151.3 1 0
github.com/rackdog/terraform-provider-rackdog/internal/provider/resource_server.go:155.2,155.8 1 0
github.com/rackdog/terraform-provider-rackdog/internal/provider/resource_server.go:158.107,159.21 1 0
github.com/rackdog/terraform-provider-rackdog/internal/provider/resource_server.go:159.21,162.3 2 0
github.com/rackdog/terraform-provider-rackdog/internal/provider/resource_server.go:164.2,166.33 3 0
github.com/rackdog/terraform-provider-rackdog/internal/provider/resource_server.go:166.33,168.3 1 0
github.com/rackdog/terraform-provider-rackdog/internal/provider/resource_server.go:170.2,171.16 2 0
github.com/rackdog/terraform-provider-rackdog/internal/provider/resource_server.go:171.16,173.62 2 0
github.com/rackdog/terraform-provider-rackdog/internal/provider/resource_server.go:173.62,174.32 1 0
github.com/rackdog/terraform-provider-rackdog/internal/provider/resource_server.go:174.32,181.5 2 0
github.com/rackdog/terraform-provider-rackdog/internal/provider/resource_server.go:182.4,183.10 2 0
github.com/rackdog/terraform-provider-rackdog/internal/provider/resource_server.go:185.3,186.9 2 0
github.com/rackdog/terraform-provider-rackdog/internal/provider/resource_server.go:188.2,188.14 1 0
github.com/rackdog/terraform-provider-rackdog/internal/provider/resource_server.go:188.14,191.3 2 0
github.com/rackdog/terraform-provider-rackdog/internal/provider/resource_server.go:193.2,193.98 1 0
github.com/rackdog/terraform-provider-rackdog/internal/provider/resource_server.go:193.98,201.3 2 0
github.com/rackdog/terraform-provider-rackdog/internal/provider/resource_server.go:203.2,203.54 1 0
github.com/rackdog/terraform-provider-rackdog/internal/provider/resource_server.go:203.54,204.52 1 0
github.com/rackdog/terraform-provider-rackdog/internal/provider/resource_server.go:204.52,210.4 2 0
github.com/rackdog/terraform-provider-rackdog/internal/provider/resource_server.go:213.2,213.62 1 0
github.com/rackdog/terraform-provider-rackdog/internal/provider/resource_server.go:213.62,214.60 1 0
github.com/rackdog/terraform-provider-rackdog/internal/provider/resource_server.go:214.60,220.4 2 0
github.com/rackdog/terraform-provider-rackdog/internal/provider/resource_server.go:223.2,223.55 1 0
github.com/rackdog/terraform-provider-rackdog/internal/provider/resource_server.go:223.55,224.54 1 0
github.com/rackdog/terraform-provider-rackdog/internal/provider/resource_server.go:224.54,230.4 2 0
github.com/rackdog/terraform-provider-rackdog/internal/provider/resource_server.go:233.2,233.70 1 0
github.com/rackdog/terraform-provider-rackdog/internal/provider/resource_server.go:233.70,234.46 1 0
github.com/rackdog/terraform-provider-rackdog/internal/provider/resource_server.go:234.46,240.4 2 0
github.com/rackdog/terraform-provider-rackdog/internal/provider/resource_server.go:243.2,244.23 2 0
github.com/rackdog/terraform-provider-rackdog/internal/provider/resource_server.go:244.23,246.3 1 0
github.com/rackdog/terraform-provider-rackdog/internal/provider/resource_server.go:247.2,247.26 1 0
github.com/rackdog/terraform-provider-rackdog/internal/provider/resource_server.go:247.26,249.3 1 0
github.com/rackdog/terraform-provider-rackdog/internal/provider/resource_server.go:251.2,251.57 1 0
github.com/rackdog/terraform-provider-rackdog/internal/provider/resource_server.go:254.113,256.2 1 0
github.com/rackdog/terraform-provider-rackdog/internal/provider/resource_server.go:258.113,259.21 1 0
github.com/rackdog/terraform-provider-rackdog/internal/provider/resource_server.go:259.21,262.3 2 0
github.com/rackdog/terraform-provider-rackdog/internal/provider/resource_server.go:264.2,266.33 3 0
github.com/rackdog/terraform-provider-rackdog/internal/provider/resource_server.go:266.33,268.3 1 0
github.com/rackdog/terraform-provider-rackdog/internal/provider/resource_server.go:270.2,270.75 1 0
github.com/rackdog/terraform-provider-rackdog/internal/provider/resource_server.go:270.75,272.3 1 0
